<?xml version="1.0" encoding="UTF-8"?>
<!-- Generated by org.testng.reporters.JUnitReportReporter -->
<testsuite hostname="LAPTOP-BIM2FR3V" failures="0" tests="1" name="scenarios.RadioBtnsAndChkBoxes" time="26.349" errors="0" timestamp="2024-09-19T19:06:15 IST" skipped="0">
  <testcase classname="scenarios.RadioBtnsAndChkBoxes" name="radChk" time="26.349"/>
  <system-out/>
</testsuite> <!-- scenarios.RadioBtnsAndChkBoxes -->
