<?xml version="1.0" encoding="UTF-8"?>
<!-- Generated by org.testng.reporters.JUnitReportReporter -->
<testsuite hostname="LAPTOP-BIM2FR3V" failures="0" tests="1" name="scenarios.SwitchingWin" time="19.773" errors="0" timestamp="2024-09-19T19:06:15 IST" skipped="0">
  <testcase classname="scenarios.SwitchingWin" name="switchWin" time="19.773"/>
  <system-out/>
</testsuite> <!-- scenarios.SwitchingWin -->
