<?xml version="1.0" encoding="UTF-8"?>
<!-- Generated by org.testng.reporters.JUnitReportReporter -->
<testsuite hostname="LAPTOP-BIM2FR3V" failures="0" tests="1" name="scenarios.MouseActions" time="10.210" errors="0" timestamp="2024-09-19T19:06:15 IST" skipped="0">
  <testcase classname="scenarios.MouseActions" name="dragAndDrop" time="10.210"/>
  <system-out/>
</testsuite> <!-- scenarios.MouseActions -->
